Successfully retrieved statistics for job: 19497617. 
+------------------------------------------------------------------------------+
| GPU ID: 1                                                                    |
+====================================+=========================================+
|-----  Execution Stats  ------------+-----------------------------------------|
| Start Time                         | Mon Jun 30 12:16:07 2025                |
| End Time                           | Mon Jun 30 13:28:42 2025                |
| Total Execution Time (sec)         | 4355.13                                 |
| No. of Processes                   | 1                                       |
+-----  Performance Stats  ----------+-----------------------------------------+
| Energy Consumed (Joules)           | 265551                                  |
| Power Usage (Watts)                | Avg: 74.7554, Max: 105.927, Min: 49.435 |
| Max GPU Memory Used (bytes)        | 4953473024                              |
| SM Clock (MHz)                     | Avg: 1410, Max: 1410, Min: 1410         |
| Memory Clock (MHz)                 | Avg: 1512, Max: 1512, Min: 1512         |
| SM Utilization (%)                 | Avg: 4, Max: 66, Min: 0                 |
| Memory Utilization (%)             | Avg: 0, Max: 3, Min: 0                  |
| PCIe Rx Bandwidth (megabytes)      | Avg: N/A, Max: N/A, Min: N/A            |
| PCIe Tx Bandwidth (megabytes)      | Avg: N/A, Max: N/A, Min: N/A            |
+-----  Event Stats  ----------------+-----------------------------------------+
| Single Bit ECC Errors              | 0                                       |
| Double Bit ECC Errors              | 0                                       |
| PCIe Replay Warnings               | 0                                       |
| Critical XID Errors                | 0                                       |
+-----  Slowdown Stats  -------------+-----------------------------------------+
| Due to - Power (%)                 | 0                                       |
|        - Thermal (%)               | 0                                       |
|        - Reliability (%)           | Not Supported                           |
|        - Board Limit (%)           | Not Supported                           |
|        - Low Utilization (%)       | Not Supported                           |
|        - Sync Boost (%)            | 0                                       |
+--  Compute Process Utilization  ---+-----------------------------------------+
| PID                                | 2670823                                 |
|     Avg SM Utilization (%)         | 6                                       |
|     Avg Memory Utilization (%)     | 0                                       |
+-----  Overall Health  -------------+-----------------------------------------+
| Overall Health                     | Healthy                                 |
+------------------------------------+-----------------------------------------+

+------------------------------------------------------------------------------+
| GPU ID: 3                                                                    |
+====================================+=========================================+
|-----  Execution Stats  ------------+-----------------------------------------|
| Start Time                         | Mon Jun 30 12:16:07 2025                |
| End Time                           | Mon Jun 30 13:28:42 2025                |
| Total Execution Time (sec)         | 4355.13                                 |
| No. of Processes                   | 1                                       |
+-----  Performance Stats  ----------+-----------------------------------------+
| Energy Consumed (Joules)           | 248220                                  |
| Power Usage (Watts)                | Avg: 69.774, Max: 112.363, Min: 67.115  |
| Max GPU Memory Used (bytes)        | 4785700864                              |
| SM Clock (MHz)                     | Avg: 1410, Max: 1410, Min: 1410         |
| Memory Clock (MHz)                 | Avg: 1512, Max: 1512, Min: 1512         |
| SM Utilization (%)                 | Avg: 4, Max: 74, Min: 0                 |
| Memory Utilization (%)             | Avg: 0, Max: 3, Min: 0                  |
| PCIe Rx Bandwidth (megabytes)      | Avg: N/A, Max: N/A, Min: N/A            |
| PCIe Tx Bandwidth (megabytes)      | Avg: N/A, Max: N/A, Min: N/A            |
+-----  Event Stats  ----------------+-----------------------------------------+
| Single Bit ECC Errors              | 0                                       |
| Double Bit ECC Errors              | 0                                       |
| PCIe Replay Warnings               | 0                                       |
| Critical XID Errors                | 0                                       |
+-----  Slowdown Stats  -------------+-----------------------------------------+
| Due to - Power (%)                 | 0                                       |
|        - Thermal (%)               | 0                                       |
|        - Reliability (%)           | Not Supported                           |
|        - Board Limit (%)           | Not Supported                           |
|        - Low Utilization (%)       | Not Supported                           |
|        - Sync Boost (%)            | 0                                       |
+--  Compute Process Utilization  ---+-----------------------------------------+
| PID                                | 2670823                                 |
|     Avg SM Utilization (%)         | 6                                       |
|     Avg Memory Utilization (%)     | 0                                       |
+-----  Overall Health  -------------+-----------------------------------------+
| Overall Health                     | Healthy                                 |
+------------------------------------+-----------------------------------------+

